 
****************************************
Report : area
Design : fir_16tap
Version: I-2013.12-SP5-5
Date   : Fri May  7 21:05:24 2021
****************************************

Library(s) Used:

    NangateOpenCellLibrary (File: /afs/ee.ust.hk/staff/ee/dept/public/elec516/eesm_5020_2017spring/eesm_5020/lib/NangateOpenCellLibrary_PDKv1_3_v2010_12/Front_End/Liberty/NLDM/NangateOpenCellLibrary_slow.db)

Number of ports:                           50
Number of nets:                           948
Number of cells:                          156
Number of combinational cells:            121
Number of sequential cells:                 0
Number of macros/black boxes:               0
Number of buf/inv:                          5
Number of references:                      39

Combinational area:               2115.764019
Buf/Inv area:                       42.560000
Noncombinational area:            1276.800041
Macro/Black Box area:                0.000000
Net Interconnect area:      undefined  (Wire load has zero net area)

Total cell area:                  3392.564060
Total area:                 undefined
1
