*----------------------------------------------------------------------------------------
*	Encounter 14.26-s039_1 (64bit) 07/15/2015 11:34 (Linux 2.6.18-194.el5)
*	
*
* 	Date & Time:	2021-Jun-04 23:36:56 (2021-Jun-04 15:36:56 GMT)
*
*----------------------------------------------------------------------------------------
*
*	Design: fir_16tap
*
*	Liberty Libraries used: 
*	        /afs/ee.ust.hk/staff/ee/dept/public/elec516/eesm_5020_2017spring/eesm_5020/lib/NangateOpenCellLibrary_PDKv1_3_v2010_12/Front_End/Liberty/NLDM/NangateOpenCellLibrary_slow.lib
*
*	Power Domain used: 
*		Rail:        VDD 	Voltage:       0.95 
*
*       Power View : analysis_slow
*
*       User-Defined Activity : N.A.
*
*       Activity File: N.A.
*
*       Hierarchical Global Activity: N.A.
*
*       Global Activity: N.A.
*
*       Sequential Element Activity: N.A.
*
*       Primary Input Activity: 0.200000
*
*       Default icg ratio: N.A.
*
*       Global Comb ClockGate Ratio: N.A.
*
*	Power Units = 1mW
*
*	Time Units = 1e-09 secs 
*
*       report_power -outfile reports/fir_16tap.routed.power.rpt
*
-----------------------------------------------------------------------------------------


Total Power 
-----------------------------------------------------------------------------------------
Total Internal Power:        0.01717447 	   26.2210%
Total Switching Power:       0.01034169 	   15.7891%
Total Leakage Power:         0.03798284 	   57.9900%
Total Power:                 0.06549900 
-----------------------------------------------------------------------------------------


Group                           Internal   Switching     Leakage       Total  Percentage 
                                Power      Power         Power         Power  (%)        
-----------------------------------------------------------------------------------------
Sequential                      0.004814   0.0009145     0.01348     0.01921       29.33 
Macro                                  0           0           0           0           0 
IO                                     0           0           0           0           0 
Combinational                     0.0112    0.007686      0.0238     0.04268       65.16 
Clock (Combinational)           0.001165    0.001741   0.0007009    0.003607       5.506 
Clock (Sequential)                     0           0           0           0           0 
-----------------------------------------------------------------------------------------
Total                            0.01717     0.01034     0.03798      0.0655         100 
-----------------------------------------------------------------------------------------


Rail                  Voltage   Internal   Switching     Leakage       Total  Percentage 
                                Power      Power         Power         Power  (%)        
-----------------------------------------------------------------------------------------
VDD                      0.95    0.01717     0.01034     0.03798      0.0655         100 


Clock                           Internal   Switching     Leakage       Total  Percentage 
                                Power      Power         Power         Power  (%)        
-----------------------------------------------------------------------------------------
clk                             0.001165    0.001741   0.0007009    0.003607       5.506 
-----------------------------------------------------------------------------------------
Total (excluding duplicates)    0.001165    0.001741   0.0007009    0.003607       5.506 
-----------------------------------------------------------------------------------------


-----------------------------------------------------------------------------------------
*	Power Distribution Summary: 
* 		Highest Average Power: add_1_root_add_0_root_add_94/U1_15 (FA_X1): 	  0.000139 
* 		Highest Leakage Power:              q15/q_reg_0_ (DFFR_X1): 	 5.618e-05 
* 		Total Cap: 	6.49284e-12 F
* 		Total instances in design:   886
* 		Total instances in design with no power:     0
*          Total instances in design with no activity:     0
* 		Total Fillers and Decap:     0
-----------------------------------------------------------------------------------------

